<?xml version="1.0" encoding="UTF-8"?>
<!-- Generated by org.testng.reporters.JUnitXMLReporter -->
<testsuite hostname="LAPTOP-RRMTBEBK" ignored="0" name="Surefire test" tests="2" failures="0" timestamp="20 ene 2023 10:44:21 GMT" time="48.579" errors="0">
  <testcase name="runScenario" time="25.716" classname="io.cucumber.testng.AbstractTestNGCucumberTests"/>
  <testcase name="runScenario" time="22.128" classname="io.cucumber.testng.AbstractTestNGCucumberTests"/>
</testsuite> <!-- Surefire test -->
