<?xml version="1.0" encoding="UTF-8"?>
<!-- Generated by org.testng.reporters.JUnitXMLReporter -->
<testsuite ignored="1" hostname="LAPTOP-RRMTBEBK" failures="0" tests="1" name="ErrorValidations Test" time="5.793" errors="0" timestamp="18 ene. 2023 19:18:16 GMT">
  <testcase classname="Automation.ErrorValidationsTest" name="errorvalidations" time="1.15"/>
  <testcase classname="Automation.ErrorValidationsTest" name="productErrorValidation" time="0.0">
    <ignored/>
  </testcase> <!-- productErrorValidation -->
</testsuite> <!-- ErrorValidations Test -->
