<?xml version="1.0" encoding="UTF-8"?>
<!-- Generated by org.testng.reporters.JUnitXMLReporter -->
<testsuite hostname="LAPTOP-RRMTBEBK" ignored="0" name="ErrorValidations Test" tests="2" failures="0" timestamp="26 ene 2023 20:37:58 GMT" time="29.858" errors="0">
  <testcase name="errorvalidations" time="0.649" classname="Automation.ErrorValidationsTest"/>
  <testcase name="productErrorValidation" time="14.436" classname="Automation.ErrorValidationsTest"/>
</testsuite> <!-- ErrorValidations Test -->
