<?xml version="1.0" encoding="UTF-8"?>
<!-- Generated by org.testng.reporters.JUnitXMLReporter -->
<testsuite hostname="LAPTOP-RRMTBEBK" ignored="0" name="SubmitOrder Test" tests="3" failures="0" timestamp="26 ene 2023 20:38:20 GMT" time="52.489" errors="0">
  <testcase name="submitOrder" time="15.738" classname="Automation.SubmitOrderTest"/>
  <testcase name="submitOrder" time="15.534" classname="Automation.SubmitOrderTest"/>
  <testcase name="OrderHistoryTest" time="0.863" classname="Automation.SubmitOrderTest"/>
</testsuite> <!-- SubmitOrder Test -->
