<?xml version="1.0" encoding="UTF-8"?>
<testng-results skipped="0" failed="0" ignored="0" total="5" passed="5">
  <reporter-output>
  </reporter-output>
  <suite name="Suite" duration-ms="52489" started-at="2023-01-26T20:37:28Z" finished-at="2023-01-26T20:38:20Z">
    <groups>
      <group name="Purchase">
        <method signature="SubmitOrderTest.submitOrder(java.util.HashMap)[pri:0, instance:Automation.SubmitOrderTest@7748410a]" name="submitOrder" class="Automation.SubmitOrderTest"/>
      </group> <!-- Purchase -->
      <group name="ErrorHandling">
        <method signature="ErrorValidationsTest.errorvalidations()[pri:0, instance:Automation.ErrorValidationsTest@1329eff]" name="errorvalidations" class="Automation.ErrorValidationsTest"/>
      </group> <!-- ErrorHandling -->
    </groups>
    <test name="ErrorValidations Test" duration-ms="29858" started-at="2023-01-26T20:37:28Z" finished-at="2023-01-26T20:37:58Z">
      <class name="Automation.ErrorValidationsTest">
        <test-method status="PASS" signature="launchApplication()[pri:0, instance:Automation.ErrorValidationsTest@1329eff]" name="launchApplication" is-config="true" duration-ms="8992" started-at="2023-01-26T20:37:28Z" finished-at="2023-01-26T20:37:37Z">
          <reporter-output>
          </reporter-output>
        </test-method> <!-- launchApplication -->
        <test-method status="PASS" signature="errorvalidations()[pri:0, instance:Automation.ErrorValidationsTest@1329eff]" name="errorvalidations" duration-ms="649" started-at="2023-01-26T20:37:37Z" finished-at="2023-01-26T20:37:37Z">
          <reporter-output>
          </reporter-output>
        </test-method> <!-- errorvalidations -->
        <test-method status="PASS" signature="closePage()[pri:0, instance:Automation.ErrorValidationsTest@1329eff]" name="closePage" is-config="true" duration-ms="595" started-at="2023-01-26T20:37:37Z" finished-at="2023-01-26T20:37:38Z">
          <reporter-output>
          </reporter-output>
        </test-method> <!-- closePage -->
        <test-method status="PASS" signature="launchApplication()[pri:0, instance:Automation.ErrorValidationsTest@1329eff]" name="launchApplication" is-config="true" duration-ms="4575" started-at="2023-01-26T20:37:38Z" finished-at="2023-01-26T20:37:43Z">
          <reporter-output>
          </reporter-output>
        </test-method> <!-- launchApplication -->
        <test-method status="PASS" signature="productErrorValidation()[pri:0, instance:Automation.ErrorValidationsTest@1329eff]" name="productErrorValidation" duration-ms="14436" started-at="2023-01-26T20:37:43Z" finished-at="2023-01-26T20:37:57Z">
          <reporter-output>
          </reporter-output>
        </test-method> <!-- productErrorValidation -->
        <test-method status="PASS" signature="closePage()[pri:0, instance:Automation.ErrorValidationsTest@1329eff]" name="closePage" is-config="true" duration-ms="589" started-at="2023-01-26T20:37:57Z" finished-at="2023-01-26T20:37:58Z">
          <reporter-output>
          </reporter-output>
        </test-method> <!-- closePage -->
      </class> <!-- Automation.ErrorValidationsTest -->
    </test> <!-- ErrorValidations Test -->
    <test name="SubmitOrder Test" duration-ms="52489" started-at="2023-01-26T20:37:28Z" finished-at="2023-01-26T20:38:20Z">
      <class name="Automation.SubmitOrderTest">
        <test-method status="PASS" signature="launchApplication()[pri:0, instance:Automation.SubmitOrderTest@7748410a]" name="launchApplication" is-config="true" duration-ms="8652" started-at="2023-01-26T20:37:28Z" finished-at="2023-01-26T20:37:37Z">
          <reporter-output>
          </reporter-output>
        </test-method> <!-- launchApplication -->
        <test-method status="PASS" signature="submitOrder(java.util.HashMap)[pri:0, instance:Automation.SubmitOrderTest@7748410a]" name="submitOrder" duration-ms="15738" started-at="2023-01-26T20:37:37Z" data-provider="getData" finished-at="2023-01-26T20:37:52Z">
          <params>
            <param index="0">
              <value>
                <![CDATA[{password=Bucaramanga_1, email=andresautomation@gmail.com, productName=ZARA COAT 3}]]>
              </value>
            </param>
          </params>
          <reporter-output>
          </reporter-output>
        </test-method> <!-- submitOrder -->
        <test-method status="PASS" signature="closePage()[pri:0, instance:Automation.SubmitOrderTest@7748410a]" name="closePage" is-config="true" duration-ms="609" started-at="2023-01-26T20:37:52Z" finished-at="2023-01-26T20:37:53Z">
          <reporter-output>
          </reporter-output>
        </test-method> <!-- closePage -->
        <test-method status="PASS" signature="launchApplication()[pri:0, instance:Automation.SubmitOrderTest@7748410a]" name="launchApplication" is-config="true" duration-ms="4759" started-at="2023-01-26T20:37:53Z" finished-at="2023-01-26T20:37:58Z">
          <reporter-output>
          </reporter-output>
        </test-method> <!-- launchApplication -->
        <test-method status="PASS" signature="submitOrder(java.util.HashMap)[pri:0, instance:Automation.SubmitOrderTest@7748410a]" name="submitOrder" duration-ms="15534" started-at="2023-01-26T20:37:58Z" data-provider="getData" finished-at="2023-01-26T20:38:13Z">
          <params>
            <param index="0">
              <value>
                <![CDATA[{password=Bucaramanga_1, email=andresautomation1@gmail.com, productName=ADIDAS ORIGINAL}]]>
              </value>
            </param>
          </params>
          <reporter-output>
          </reporter-output>
        </test-method> <!-- submitOrder -->
        <test-method status="PASS" signature="closePage()[pri:0, instance:Automation.SubmitOrderTest@7748410a]" name="closePage" is-config="true" duration-ms="621" started-at="2023-01-26T20:38:13Z" finished-at="2023-01-26T20:38:14Z">
          <reporter-output>
          </reporter-output>
        </test-method> <!-- closePage -->
        <test-method status="PASS" signature="launchApplication()[pri:0, instance:Automation.SubmitOrderTest@7748410a]" name="launchApplication" is-config="true" duration-ms="4835" started-at="2023-01-26T20:38:14Z" finished-at="2023-01-26T20:38:19Z">
          <reporter-output>
          </reporter-output>
        </test-method> <!-- launchApplication -->
        <test-method status="PASS" signature="OrderHistoryTest()[pri:0, instance:Automation.SubmitOrderTest@7748410a]" name="OrderHistoryTest" duration-ms="863" started-at="2023-01-26T20:38:19Z" depends-on-methods="Automation.SubmitOrderTest.submitOrder" finished-at="2023-01-26T20:38:20Z">
          <reporter-output>
          </reporter-output>
        </test-method> <!-- OrderHistoryTest -->
        <test-method status="PASS" signature="closePage()[pri:0, instance:Automation.SubmitOrderTest@7748410a]" name="closePage" is-config="true" duration-ms="601" started-at="2023-01-26T20:38:20Z" finished-at="2023-01-26T20:38:20Z">
          <reporter-output>
          </reporter-output>
        </test-method> <!-- closePage -->
      </class> <!-- Automation.SubmitOrderTest -->
    </test> <!-- SubmitOrder Test -->
  </suite> <!-- Suite -->
</testng-results>
